<?xml version="1.0" encoding="UTF-8"?>
<?xml-model href="http://www.tei-c.org/release/xml/tei/custom/schema/relaxng/tei_all.rng" type="application/xml" schematypens="http://relaxng.org/ns/structure/1.0"?>
<?xml-model href="http://www.tei-c.org/release/xml/tei/custom/schema/relaxng/tei_all.rng" type="application/xml" schematypens="http://purl.oclc.org/dsdl/schematron"?>
<TEI xmlns="http://www.tei-c.org/ns/1.0">
   <teiHeader>
      <fileDesc>
         <titleStmt>
            <title>The Garden of Time</title>
         </titleStmt>
         <publicationStmt>
            <p>Witness 4 - Complete rewrite showing major variations. Late manuscript from 1855, substantially altered version.</p>
         </publicationStmt>
         <sourceDesc>
            <p>Final author's manuscript with complete restructuring and new content</p>
         </sourceDesc>
      </fileDesc>
   </teiHeader>
   <facsimile>
      <surface n="1r" xml:id="s1r">
         <graphic url="poem-01.png"/>
      </surface>
      <surface n="2r" xml:id="s2r">
         <graphic url="page2.jpg"/>
      </surface>
      <surface n="3r" xml:id="s3r">
         <graphic url="page3.jpg"/>
      </surface>
   </facsimile>
   <text>
      <body>
         <div type="original" xml:lang="en">
            <pb n="1" facs="#s1r"/>
            <head><del>The Garden of Time</del> <del>Timeless Gardens</del> <add>Memory's Garden</add></head>
            <note>Complete reimagining of the original poem</note>
            <l><del>In gardens where the roses bloom,</del></l>
            <l><add>Beyond the gates where time stands still,</add></l>
            <l><del>And evening shadows softly fall,</del></l>
            <l><add>Where <subst><del>golden</del><add instant="true">silver</add></subst> moonbeams climb the hill,</add></l>
            <l><del>I wander through the fragrant gloom,</del></l>
            <l><add>The <unclear>ancient</unclear> garden keeps its secrets deep,</add></l>
            <l><del>And hear the blackbird's distant call.</del></l>
            <l><add>While <supplied>all the</supplied> world lies fast asleep.</add></l>
            <pb n="2" facs="#s2r"/>
            <lb/>
            <l><del>The fountain whispers ancient tales,</del></l>
            <l><add>No fountain here, but <subst><del>streams</del><add>rivers</add></subst> wide,</add></l>
            <l><del>Of love and loss beneath the moon,</del></l>
            <l><add>That <subst><del instant="true">speak</del><add instant="true">sing</add></subst> of <del>ages</del> <add>centuries</add> past with pride,</add></l>
            <l><del>While autumn wind through garden rails,</del></l>
            <l><add>The <unclear>weathered</unclear> stones remember when,</add></l>
            <l><del>Carries the melody's sweet tune.</del></l>
            <l><add>This place was <subst><del>young</del><add>new</add></subst>, <supplied>and</supplied> green again.</add></l>
            <note>New metaphorical framework introduced</note>
            <lb/>
            <l><del>Time passes like the flowing stream,</del></l>
            <l><add>Eternity <subst><del>dwells</del><add instant="true">lives</add></subst> in this space,</add></l>
            <l><del>Through gardens old and ever new,</del></l>
            <l><add>Where <del>past and future</del> <add>all of time</add> interlace,</add></l>
            <pb n="3" facs="#s3r"/>
            <l><del>Where memories dance and gently gleam,</del></l>
            <l><add>Each <unclear>petal</unclear> holds a thousand years,</add></l>
            <l><del>In morning's silver-golden dew.</del></l>
            <l><add>Each <subst><del>dewdrop</del><add>raindrop</add></subst> holds our <del instant="true">joys</del> <add instant="true">hopes</add> and fears.</add></l>
            <lb/>
            <l><add>The garden waits, forever still,</add></l>
            <l><add>For those who <subst><del>seek</del><add>know</add></subst> its <unclear>mystic</unclear> ways,</add></l>
            <l><add>Beyond the realm of human will,</add></l>
            <l><add>It blooms through all our <supplied>mortal</supplied> days.</add></l>
            <lb/>
            <l><add>So when you find this <del>secret</del> <add instant="true">hidden</add> door,</add></l>
            <l><add>And step into its <subst><del instant="true">gentle</del><add instant="true">sacred</add></subst> light,</add></l>
            <l><add>Remember those who came before,</add></l>
            <l><add>And <unclear>vanished</unclear> in the endless night.</add></l>
         </div>
      </body>
   </text>
</TEI>