<?xml version="1.0" encoding="UTF-8"?>
<?xml-model href="http://www.tei-c.org/release/xml/tei/custom/schema/relaxng/tei_all.rng" type="application/xml" schematypens="http://relaxng.org/ns/structure/1.0"?>
<?xml-model href="http://www.tei-c.org/release/xml/tei/custom/schema/relaxng/tei_all.rng" type="application/xml" schematypens="http://purl.oclc.org/dsdl/schematron"?>
<TEI xmlns="http://www.tei-c.org/ns/1.0">
   <teiHeader>
      <fileDesc>
         <titleStmt>
            <title>The Garden of Time</title>
         </titleStmt>
         <publicationStmt>
            <p>Witness 3 - Substantial revision showing moderate variations. Editorial copy from 1853 with significant changes.</p>
         </publicationStmt>
         <sourceDesc>
            <p>Editorial manuscript with author's extensive revisions and annotations</p>
         </sourceDesc>
      </fileDesc>
   </teiHeader>
   <facsimile>
      <surface n="1r" xml:id="s1r">
         <graphic url="poem-01.png"/>
      </surface>
      <surface n="2r" xml:id="s2r">
         <graphic url="page2.jpg"/>
      </surface>
   </facsimile>
   <text>
      <body>
         <div type="original" xml:lang="en">
            <pb n="1" facs="#s1r"/>
            <head><del>The Garden of Time</del> <add>Timeless Gardens</add></head>
            <l><subst><del>In gardens where</del><add>Through gardens where</add></subst> the <del>roses</del> <add>flowers always</add> bloom,</l>
            <l><del>And evening shadows softly fall,</del></l>
            <l><add>When twilight shadows gently fall,</add></l>
            <l>I <subst><del>wander</del><add>drift along</add></subst> through <unclear>perfumed</unclear> gloom,</l>
            <l>And <del>hear</del> <add>heed</add> the <subst><del>blackbird's distant</del><add>songbird's lonely</add></subst> call.</l>
            <lb/>
            <l><del>The fountain whispers</del> <add>Ancient fountains tell their</add> <subst><del>ancient</del><add>timeless</add></subst> tales,</l>
            <l>Of <del>love and loss</del> <add instant="true">joy and sorrow</add> <supplied>beneath</supplied> the moon,</l>
            <l>While <subst><del>autumn wind</del><add>winter gales</add></subst> through <del>garden</del> <add>iron</add> rails,</l>
            <l><del>Carries</del> <add>Bring forth</add> <unclear>a</unclear> melody's <subst><del>sweet</del><add>haunting</add></subst> tune.</l>
            <note>Major restructuring of the second stanza with nested corrections</note>
            <pb n="2" facs="#s2r"/>
            <l>Time <del>passes</del> <add>flows on</add> like <subst><del>the flowing</del><add>an endless</add></subst> stream,</l>
            <l>Through <subst><del>gardens old and ever new</del><add>spaces ancient, ever true</add></subst>,</l>
            <l>Where <del>memories</del> <add>shadows</add> dance and <subst><del instant="true">gently</del><add instant="true">softly</add></subst> gleam,</l>
            <l>In <del>morning's silver-golden</del> <add>dawn's eternal crystal</add> dew.</l>
            <lb/>
            <l><add>And still I walk these paths alone,</add></l>
            <l><add>Through gardens time cannot erase.</add></l>
         </div>
      </body>
   </text>
</TEI>